Added Component: Designator=C?(01005)
Add component (AddParameter): Name = "MPN"; Value = "CL02A104KQ2NNNC"; VariantName = "[No Variations]"
Add component (AddParameter): Name = "Value"; Value = "0.1 uF"; VariantName = "[No Variations]"
Added Component: Designator=C?(01005)
Add component (AddParameter): Name = "MPN"; Value = "CL02A104KQ2NNNC"; VariantName = "[No Variations]"
Add component (AddParameter): Name = "Value"; Value = "0.1 uF"; VariantName = "[No Variations]"
Added Component: Designator=D?(FP-6_541-5064_01-4-MFG)
Add component (AddParameter): Name = "Ambient Temperature Range High"; Value = "+100°C"; VariantName = "[No Variations]"
Add component (AddParameter): Name = "Ambient Temperature Range Low"; Value = "-40°C"; VariantName = "[No Variations]"
Add component (AddParameter): Name = "Automotive"; Value = "Yes"; VariantName = "[No Variations]"
Add component (AddParameter): Name = "Automotive Grade"; Value = "Grade 3"; VariantName = "[No Variations]"
Add component (AddParameter): Name = "Category"; Value = "Diode"; VariantName = "[No Variations]"
Add component (AddParameter): Name = "ComponentLink2Description"; Value = "Datasheet"; VariantName = "[No Variations]"
Add component (AddParameter): Name = "ComponentLink2URL"; Value = "http://www.vishay.com/docs/81812/temd6200.pdf"; VariantName = "[No Variations]"
Add component (AddParameter): Name = "Dark Current"; Value = "0.0001uA"; VariantName = "[No Variations]"
Add component (AddParameter): Name = "Device Class L1"; Value = "Sensors"; VariantName = "[No Variations]"
Add component (AddParameter): Name = "Device Class L2"; Value = "Optical Sensors"; VariantName = "[No Variations]"
Add component (AddParameter): Name = "Device Class L3"; Value = "Photodiodes"; VariantName = "[No Variations]"
Add component (AddParameter): Name = "Digikey Description"; Value = "SENSOR PHOTODIODE 540NM 0805"; VariantName = "[No Variations]"
Add component (AddParameter): Name = "Height"; Value = "0.95mm"; VariantName = "[No Variations]"
Add component (AddParameter): Name = "Lead Free"; Value = "Yes"; VariantName = "[No Variations]"
Add component (AddParameter): Name = "Manufacturer"; Value = "Vishay"; VariantName = "[No Variations]"
Add component (AddParameter): Name = "Max Junction Temp"; Value = "+100°C"; VariantName = "[No Variations]"
Add component (AddParameter): Name = "Mouser Description"; Value = "Ambient Light Sensors 16V 100mW 60Deg AEC-Q101 Qualified"; VariantName = "[No Variations]"
Add component (AddParameter): Name = "MPN"; Value = "TEMD6200FX01"; VariantName = "[No Variations]"
Add component (AddParameter): Name = "Octopart"; Value = "https://octopart.com/temd6200fx01-vishay-19158932"; VariantName = "[No Variations]"
Add component (AddParameter): Name = "Package"; Value = "6.541-5064.01-4"; VariantName = "[No Variations]"
Add component (AddParameter): Name = "Power Dissipation"; Value = "100mW"; VariantName = "[No Variations]"
Add component (AddParameter): Name = "Reverse Breakdown Voltage"; Value = "16V"; VariantName = "[No Variations]"
Add component (AddParameter): Name = "RoHS"; Value = "TRUE"; VariantName = "[No Variations]"
Add component (AddParameter): Name = "Sensor Output"; Value = "Photodiode"; VariantName = "[No Variations]"
Add component (AddParameter): Name = "Temperature"; Value = "-40°C to +100°C"; VariantName = "[No Variations]"
Add component (AddParameter): Name = "Temperature Range High"; Value = "+100°C"; VariantName = "[No Variations]"
Add component (AddParameter): Name = "Temperature Range Low"; Value = "-40°C"; VariantName = "[No Variations]"
Add component (AddParameter): Name = "Viewing Angle"; Value = "120°"; VariantName = "[No Variations]"
Added Component: Designator=L?(0402)
Add component (AddParameter): Name = "MPN"; Value = ""; VariantName = "[No Variations]"
Add component (AddParameter): Name = "Value"; Value = ""; VariantName = "[No Variations]"
Added Component: Designator=LED?(0201)
Add component (AddParameter): Name = "MPN"; Value = "XZBGR155W5MAV"; VariantName = "[No Variations]"
Add component (AddParameter): Name = "Value"; Value = "Green"; VariantName = "[No Variations]"
Added Component: Designator=LED?(0201)
Add component (AddParameter): Name = "MPN"; Value = "XZMDR155W"; VariantName = "[No Variations]"
Add component (AddParameter): Name = "Value"; Value = "Red"; VariantName = "[No Variations]"
Added Component: Designator=R?(01005)
Add component (AddParameter): Name = "MPN"; Value = "CL02A104KQ2NNNC"; VariantName = "[No Variations]"
Add component (AddParameter): Name = "Value"; Value = "0.1 uF"; VariantName = "[No Variations]"
Added Component: Designator=R?(01005)
Add component (AddParameter): Name = "MPN"; Value = "CRCW0100220RFREL"; VariantName = "[No Variations]"
Add component (AddParameter): Name = "Value"; Value = "220"; VariantName = "[No Variations]"
Added Component: Designator=R?(01005)
Add component (AddParameter): Name = "MPN"; Value = "CRCW01001M00FREL"; VariantName = "[No Variations]"
Add component (AddParameter): Name = "Value"; Value = "1M"; VariantName = "[No Variations]"
Added Component: Designator=R?(01005)
Add component (AddParameter): Name = "MPN"; Value = "CRCW0100220RFREL"; VariantName = "[No Variations]"
Add component (AddParameter): Name = "Value"; Value = "220"; VariantName = "[No Variations]"
Added Component: Designator=R?(01005)
Add component (AddParameter): Name = "MPN"; Value = "CL02A104KQ2NNNC"; VariantName = "[No Variations]"
Add component (AddParameter): Name = "Value"; Value = "0.1 uF"; VariantName = "[No Variations]"
Added Component: Designator=R?(01005)
Add component (AddParameter): Name = "MPN"; Value = "CRCW0100220RFREL"; VariantName = "[No Variations]"
Add component (AddParameter): Name = "Value"; Value = "220"; VariantName = "[No Variations]"
Added Component: Designator=R?(01005)
Add component (AddParameter): Name = "MPN"; Value = "CRCW01001M00FREL"; VariantName = "[No Variations]"
Add component (AddParameter): Name = "Value"; Value = "1M"; VariantName = "[No Variations]"
Added Component: Designator=U?(NFC)
Added Pin To Net: NetName=Ant Pin=C?-1
Added Pin To Net: NetName=Ant Pin=L?-0
Added Pin To Net: NetName=Ant Pin=R?-1
Added Pin To Net: NetName=Ant Pin=U?-8
Added Net: Name=Ant
Added Pin To Net: NetName=GND Pin=C?-0
Added Pin To Net: NetName=GND Pin=C?-0
Added Pin To Net: NetName=GND Pin=D?-2
Added Pin To Net: NetName=GND Pin=LED?-0
Added Pin To Net: NetName=GND Pin=LED?-0
Added Pin To Net: NetName=GND Pin=R?-0
Added Pin To Net: NetName=GND Pin=U?-2
Added Net: Name=GND
Added Pin To Net: NetName=NetD?_1 Pin=D?-1
Added Pin To Net: NetName=NetD?_1 Pin=R?-0
Added Net: Name=NetD?_1
Added Pin To Net: NetName=NetL?_1 Pin=L?-1
Added Pin To Net: NetName=NetL?_1 Pin=U?-1
Added Net: Name=NetL?_1
Added Pin To Net: NetName=NetLED?_1 Pin=LED?-1
Added Pin To Net: NetName=NetLED?_1 Pin=R?-0
Added Net: Name=NetLED?_1
Added Pin To Net: NetName=NetR?_0 Pin=R?-0
Added Pin To Net: NetName=NetR?_0 Pin=R?-1
Added Net: Name=NetR?_0
Added Pin To Net: NetName=SCL Pin=R?-0
Added Pin To Net: NetName=SCL Pin=U?-3
Added Net: Name=SCL
Added Pin To Net: NetName=SDA Pin=R?-0
Added Pin To Net: NetName=SDA Pin=U?-5
Added Net: Name=SDA
Added Pin To Net: NetName=VCC Pin=C?-1
Added Pin To Net: NetName=VCC Pin=R?-1
Added Pin To Net: NetName=VCC Pin=R?-1
Added Pin To Net: NetName=VCC Pin=R?-1
Added Pin To Net: NetName=VCC Pin=R?-1
Added Pin To Net: NetName=VCC Pin=R?-1
Added Pin To Net: NetName=VCC Pin=U?-7
Added Net: Name=VCC
Added Class: Name=sch
Added Room: Name=sch
